0
1
2
3
4
2
2
5
5
6
2
2
2
7
7
8
2
5
9
2
10
11
12
13
14
15
2
16
2
2
5
5
2
17
2
18
19
2
5
2
2
2
0
18
20
2
21
5
22
2
23
2
2
24
25
26
27
2
28
2
2
2
2
2
2
2
2
29
5
2
2
2
2
2
2
2
30
18
18
18
31
2
5
32
33
34
35
36
37
2
38
39
5
5
2
40
5
41
2
9
2
2
2
42
2
2
2
2
43
5
44
2
5
42
2
45
2
2
2
2
46
47
2
2
2
2
48
2
2
37
49
50
51
52
2
53
54
2
55
56
13
2
2
57
2
2
2
2
58
2
59
60
61
62
2
5
2
63
48
2
64
58
31
2
2
5
2
65
66
67
2
5
2
68
69
2
5
70
71
72
5
73
74
75
2
2
2
11
76
77
2
2
78
79
40
5
80
18
2
2
2
2
18
31
2
2
2
11
11
81
52
2
2
2
2
2
2
5
5
82
2
2
2
83
2
84
2
85
86
2
87
2
2
88
2
2
2
54
89
2
2
2
2
2
2
2
2
90
2
2
2
2
2
2
11
77
2
2
91
2
2
2
11
2
2
2
92
2
2
51
2
43
2
2
2
2
2
2
5
93
94
95
2
2
5
2
96
97
2
21
98
99
2
2
100
101
18
2
2
2
102
11
2
39
67
2
40
2
96
103
5
2
21
104
105
2
36
2
2
21
2
5
106
18
2
107
2
5
2
2
2
2
58
108
2
5
109
2
110
52
102
2
2
5
111
2
2
112
2
40
5
113
2
2
114
106
5
2
67
61
115
2
58
5
116
2
61
2
2
2
2
2
2
5
2
117
5
2
2
102
118
5
2
2
119
2
5
98
120
45
121
2
93
2
11
2
2
2
122
12
2
40
2
2
29
104
123
124
2
2
5
2
125
2
126
43
5
127
2
2
128
2
129
2
58
130
2
58
2
2
131
5
132
133
2
2
2
2
134
2
135
136
137
5
138
2
2
2
116
2
110
2
92
47
139
2
140
140
2
141
97
2
2
2
2
142
143
2
5
2
144
2
2
145
2
5
135
2
2
146
138
2
110
2
147
148
149
5
138
5
2
2
2
150
2
2
2
2
11
2
2
151
2
2
2
2
2
2
152
153
2
2
13
154
2
2
22
155
5
2
23
48
2
5
156
2
2
5
2
65
142
2
157
2
61
2
145
18
2
5
158
2
2
159
2
100
57
160
5
5
2
111
2
12
2
2
100
2
2
2
2
70
2
161
44
5
2
2
162
110
2
60
2
2
163
2
2
2
77
2
87
2
104
2
2
2
82
2
2
2
2
2
2
2
2
2
2
2
2
2
2
2
164
165
13
2
2
166
2
167
2
168
169
2
2
170
170
2
159
151
144
2
2
5
2
40
2
2
171
2
2
52
2
2
2
2
5
2
29
172
173
2
174
100
31
2
175
36
176
2
2
2
0
2
2
2
2
2
2
11
177
2
2
5
2
178
2
179
2
11
180
2
40
118
2
2
2
179
181
182
5
183
16
113
184
185
2
186
21
2
5
2
19
2
2
2
2
2
5
2
2
157
2
187
96
2
2
188
176
189
2
106
2
190
2
2
2
2
99
77
2
2
2
20
2
191
5
2
192
99
2
2
2
2
2
2
5
5
2
2
170
173
5
29
186
2
136
2
2
5
36
2
193
2
2
5
194
2
2
96
121
182
2
31
2
2
195
2
21
196
189
5
5
197
18
2
2
2
2
43
198
2
2
13
2
2
2
2
12
2
2
2
2
2
5
2
2
2
2
2
48
199
2
2
5
2
200
2
201
2
104
2
2
16
2
2
5
2
2
5
2
202
2
5
2
2
5
203
2
11
5
2
144
2
204
205
206
2
207
121
2
75
2
201
206
2
2
2
11
2
2
2
2
83
2
208
2
209
38
208
5
2
210
2
2
211
2
5
2
2
2
2
5
208
2
44
212
5
18
2
213
2
2
214
193
2
215
2
2
2
161
40
216
2
217
45
43
218
217
2
2
2
2
18
2
2
219
142
220
2
2
2
2
2
2
5
135
5
2
2
2
221
2
62
2
2
2
222
2
223
2
2
2
2
185
224
5
225
5
208
2
2
2
2
2
226
2
2
227
2
2
2
48
2
228
18
2
2
70
152
2
2
36
100
2
2
2
5
2
212
2
2
5
2
2
5
2
2
2
2
188
2
2
146
229
229
2
2
2
5
230
2
2
2
2
2
18
11
2
2
77
2
139
231
2
232
2
2
233
11
104
2
2
2
2
2
2
18
234
2
2
2
2
84
2
94
94
2
2
2
11
95
2
2
2
62
40
61
235
2
2
159
2
2
236
2
2
103
237
5
142
2
18
2
238
2
239
240
93
5
241
2
225
29
5
2
229
18
2
2
242
185
18
5
5
2
2
229
2
157
40
11
2
243
2
2
244
2
2
2
2
66
11
2
2
2
5
2
2
5
2
2
2
245
2
2
13
2
2
2
2
2
246
57
247
95
2
2
2
16
5
2
107
5
2
2
164
248
2
2
2
2
2
2
2
2
2
249
250
2
2
117
1
142
2
2
2
144
251
2
252
101
2
253
2
2
21
20
2
2
5
21
36
2
2
254
55
20
2
39
2
189
255
48
2
256
2
257
5
258
170
2
2
2
2
2
259
2
260
5
30
261
2
214
2
2
2
2
2
194
5
2
262
2
144
11
263
5
2
11
2
2
264
2
18
2
2
2
2
2
54
265
266
2
96
267
2
2
2
5
5
48
2
2
2
245
234
23
2
268
5
5
2
269
2
5
2
264
5
200
5
225
2
2
2
86
2
2
230
2
102
2
2
2
2
2
2
2
2
2
2
2
264
2
270
154
49
170
13
2
2
61
271
21
272
5
2
2
2
2
18
2
68
68
2
2
2
2
273
140
2
246
2
2
2
2
2
274
275
171
276
2
2
2
265
2
2
2
2
11
2
2
2
11
2
277
2
94
236
268
80
2
278
2
178
2
185
2
2
279
2
48
2
280
82
128
107
2
2
2
2
2
188
2
2
51
225
281
2
2
254
2
5
105
42
5
24
2
2
2
18
234
282
283
5
70
42
2
5
167
185
126
229
42
129
2
284
2
157
2
61
2
2
5
94
166
2
2
285
2
2
57
36
36
286
287
2
103
2
235
2
2
161
2
195
2
2
2
2
288
5
79
41
2
2
289
176
2
2
11
2
139
99
290
2
2
291
5
2
2
5
5
2
199
2
20
162
2
50
2
292
2
2
147
2
2
2
25
142
2
2
293
2
5
152
2
5
142
2
2
2
2
5
2
2
2
2
90
2
2
217
2
2
2
2
77
2
2
5
2
2
147
2
171
40
294
2
295
2
2
107
2
236
296
2
2
2
248
297
2
2
52
5
2
5
2
2
2
298
2
2
2
5
2
101
299
13
5
2
2
2
5
11
300
2
242
2
2
5
166
301
2
302
2
2
2
5
2
2
303
2
5
2
2
275
13
2
2
38
2
2
18
304
30
2
2
2
2
2
2
305
2
2
188
83
135
5
2
2
2
84
2
280
2
5
2
2
2
36
2
129
31
2
2
67
2
306
225
2
307
2
2
2
308
99
2
103
5
309
2
2
224
2
2
280
2
201
2
2
217
2
5
2
2
2
161
2
2
284
2
77
2
310
44
2
2
2
304
2
2
11
18
2
2
2
152
2
5
301
2
159
77
11
311
114
235
2
5
2
2
264
2
2
2
2
2
36
36
2
82
170
2
2
176
2
11
28
2
235
49
36
2
2
312
312
65
2
2
20
2
2
2
272
5
2
272
2
2
2
2
2
2
48
157
199
2
18
11
2
2
2
313
18
2
2
44
2
195
2
2
2
2
2
30
314
2
4
2
106
5
315
2
316
207
97
317
2
2
2
200
2
199
2
2
39
200
236
2
5
2
2
2
2
5
2
2
318
2
40
2
2
2
2
319
2
2
264
2
2
2
2
2
229
2
2
2
2
86
2
2
2
5
2
118
25
2
2
197
2
20
5
5
5
2
2
176
8
93
173
2
112
2
2
320
135
321
2
2
176
2
2
259
70
18
217
2
2
5
90
31
2
5
2
2
225
118
322
2
5
2
2
5
170
2
2
63
187
2
2
188
2
83
161
2
2
2
2
2
5
2
2
2
2
2
2
323
324
2
2
2
2
2
2
325
98
2
2
2
2
2
2
2
2
2
39
2
40
326
2
327
5
2
2
2
5
207
176
176
2
2
2
2
39
2
5
5
253
2
5
2
2
2
139
5
2
2
2
2
2
2
2
5
2
5
2
2
45
2
5
328
62
2
2
2
2
2
2
2
2
2
2
2
83
5
100
2
2
2
2
5
2
43
5
2
329
144
2
330
2
139
2
0
5
2
23
145
2
2
2
264
2
331
2
161
2
2
2
2
2
2
2
2
332
2
2
2
16
211
2
5
2
2
31
2
2
2
2
2
2
2
333
61
5
39
83
98
2
52
225
135
2
2
2
2
334
171
2
2
2
77
2
2
2
2
44
335
2
336
2
2
192
2
84
337
70
2
2
2
5
2
2
2
303
2
2
327
2
2
2
338
98
338
2
2
2
2
5
339
339
340
31
161
2
2
5
2
2
176
341
176
179
2
11
5
342
254
2
2
208
2
254
176
237
305
2
2
81
68
5
2
2
2
2
185
2
208
18
2
2
337
2
5
2
2
2
2
5
176
101
343
2
2
199
2
11
2
37
2
2
5
2
2
169
286
94
203
344
2
198
198
2
2
246
345
2
2
2
2
21
2
2
132
5
346
2
2
2
297
59
5
2
170
2
2
2
2
2
2
2
2
2
2
2
2
2
2
5
11
2
2
2
2
2
347
2
2
5
348
2
2
2
2
2
176
176
2
349
2
2
2
2
246
5
2
2
2
5
2
2
2
5
2
2
2
2
2
2
350
2
2
2
2
2
5
2
2
18
225
351
2
2
2
62
2
2
2
44
352
147
2
36
2
197
2
2
2
11
2
185
2
23
2
2
106
82
5
62
2
2
2
44
266
2
2
2
2
48
2
2
77
61
2
2
5
2
353
2
48
30
11
2
326
217
2
2
2
5
2
2
169
2
354
52
258
5
2
2
99
30
2
5
355
2
73
2
356
88
2
2
2
102
285
2
36
2
2
2
2
2
2
100
197
18
2
2
18
2
2
100
357
5
118
2
2
2
2
20
5
2
2
5
2
20
2
96
147
338
173
5
21
2
5
2
2
2
138
2
207
2
2
218
2
210
5
5
2
358
335
94
2
2
2
2
2
2
2
173
18
359
77
2
67
2
2
2
2
2
2
244
5
360
2
100
361
329
2
36
2
2
362
2
199
2
2
2
2
2
2
2
2
239
2
2
2
2
2
2
2
2
5
2
84
2
285
363
2
2
176
2
2
176
11
2
277
2
2
364
2
265
2
2
43
78
2
2
31
2
2
5
2
136
18
2
207
5
2
5
2
2
2
220
365
2
36
344
90
5
2
2
2
2
366
20
2
367
2
43
2
2
2
2
2
2
2
325
2
2
36
320
2
2
18
2
2
81
2
5
5
368
2
2
2
2
2
2
2
2
369
5
5
2
176
198
2
369
2
2
5
2
370
2
21
2
47
2
2
371
5
30
2
85
40
2
2
2
2
2
176
2
2
2
176
2
354
2
0
2
2
84
31
2
2
372
199
4
67
320
5
2
2
5
2
2
2
2
2
2
218
2
258
2
2
2
2
2
373
2
2
77
374
2
21
265
2
5
2
2
2
21
225
5
2
199
2
2
2
5
290
2
2
2
151
170
2
2
2
375
65
376
5
377
206
205
2
2
201
2
2
2
130
264
67
378
2
31
2
2
11
357
2
5
2
109
167
379
2
2
380
166
2
2
2
221
2
176
264
2
2
104
18
2
2
259
5
229
40
2
70
2
13
264
2
169
170
2
2
40
2
2
114
225
2
318
381
2
264
2
2
18
2
2
376
5
5
70
67
264
320
2
2
2
382
2
61
5
383
2
384
138
2
2
45
5
2
2
2
2
20
2
2
5
2
170
2
2
2
2
2
2
144
2
2
2
2
385
2
2
2
2
386
25
2
5
2
2
2
2
2
117
20
13
2
2
168
196
2
328
70
2
2
2
2
180
2
2
2
21
55
2
165
2
2
2
2
2
2
281
58
57
18
2
2
121
2
2
204
2
5
2
2
2
2
109
2
195
387
24
11
2
107
5
2
2
2
246
197
388
208
389
84
2
2
2
2
2
2
118
389
2
82
2
2
2
2
2
2
2
2
138
2
2
5
2
384
5
205
390
5
2
208
225
74
104
2
5
391
18
2
161
2
5
2
2
2
2
2
2
2
2
2
83
2
2
248
2
199
2
2
2
137
64
199
5
18
65
2
2
2
2
2
36
223
2
107
2
2
2
392
2
2
2
2
2
2
2
2
356
2
2
43
5
2
5
5
11
2
2
2
36
36
2
4
325
20
393
2
394
2
2
2
2
161
373
18
5
2
2
5
2
2
2
357
2
2
2
2
2
5
62
2
395
5
5
2
2
2
2
2
70
2
45
57
82
11
396
5
258
2
2
217
70
11
112
29
2
2
2
2
2
397
2
2
398
399
5
2
2
2
2
2
264
2
2
400
2
2
2
18
2
5
45
5
77
2
5
2
2
113
5
2
40
5
2
2
2
2
2
2
242
2
2
2
2
2
2
2
2
2
2
401
2
2
2
2
2
5
2
2
402
403
2
5
395
2
2
2
30
404
2
2
77
405
12
2
40
2
48
229
2
18
2
2
40
2
5
2
0
197
2
2
258
2
2
284
284
2
2
2
2
303
2
2
208
2
5
2
170
2
2
2
2
2
2
5
2
2
238
2
176
2
2
81
2
2
2
2
2
2
2
23
406
290
244
2
384
242
2
2
2
2
305
2
2
61
2
2
407
2
2
2
2
176
2
2
170
2
5
2
2
2
335
2
2
2
2
2
18
2
2
11
2
2
207
77
2
43
2
2
308
5
81
48
2
55
2
2
18
11
179
11
2
2
2
5
118
98
102
240
2
2
11
2
2
5
408
409
119
119
2
104
5
2
5
2
2
5
2
2
2
225
199
2
2
5
410
118
5
259
2
368
2
411
2
2
73
5
2
2
364
412
2
96
2
2
413
2
318
2
2
84
48
23
2
44
77
2
164
2
381
101
5
2
2
2
2
414
415
313
344
2
2
2
2
140
2
2
2
5
2
2
144
151
2
11
2
2
40
2
18
2
2
40
2
2
2
11
2
2
5
229
40
31
2
161
20
2
2
2
2
2
2
173
2
2
2
230
416
105
2
2
2
2
2
170
2
2
98
2
2
2
417
141
2
2
2
214
199
2
2
2
418
2
5
5
39
2
2
2
2
259
2
2
2
90
90
5
5
2
2
2
2
83
0
73
2
5
2
21
5
2
18
2
2
176
2
2
2
2
2
2
2
20
419
2
2
2
2
2
2
2
244
11
420
99
2
2
2
2
2
2
2
50
167
50
73
2
2
2
2
2
2
279
2
147
133
40
147
16
339
104
333
2
292
2
47
2
2
5
2
2
211
2
5
271
2
135
2
5
363
2
2
2
2
69
205
2
137
2
2
2
2
2
5
2
2
47
5
2
132
2
169
2
2
236
2
2
2
421
2
2
2
139
2
5
2
170
77
2
2
2
2
2
2
2
21
20
2
217
2
2
30
422
11
2
2
2
423
23
5
2
2
2
58
5
2
2
2
2
73
135
2
2
5
2
2
2
2
2
279
424
114
193
276
2
2
2
21
11
151
2
2
2
11
5
2
2
246
2
2
2
2
77
280
5
5
2
5
425
2
2
2
176
2
185
2
376
376
2
319
2
2
2
2
42
426
118
427
2
51
140
68
2
2
427
2
51
2
29
29
2
2
2
2
152
62
2
2
2
2
2
2
5
2
2
2
428
2
2
195
429
2
166
20
51
2
2
2
2
2
57
171
5
75
2
2
2
5
2
135
5
2
2
2
430
2
225
147
2
2
48
2
166
51
2
400
5
431
302
302
2
93
2
2
18
432
2
365
2
433
2
225
434
2
2
2
70
2
5
2
2
2
2
73
40
435
2
2
2
170
225
107
357
2
2
2
5
2
5
2
234
2
11
2
2
2
107
297
11
2
2
2
82
2
2
2
2
2
173
436
47
2
437
438
2
225
2
2
2
287
2
2
5
2
2
2
2
2
439
2
2
2
2
440
2
2
44
2
173
2
2
2
2
36
5
2
2
2
218
2
441
147
48
176
99
200
40
2
5
2
2
2
30
2
2
225
2
61
5
282
2
2
81
2
2
169
118
239
2
442
2
2
2
2
2
2
2
234
443
296
2
108
201
2
59
18
2
123
2
2
2
2
344
2
2
5
2
284
284
206
2
225
2
2
2
2
42
5
2
2
2
195
2
444
445
2
30
413
2
2
48
2
2
446
2
2
2
2
2
2
151
2
2
170
2
2
330
2
2
2
2
2
5
136
423
2
5
2
95
2
2
5
0
5
2
145
99
104
447
5
2
448
52
449
65
20
2
2
2
21
170
2
161
2
151
2
2
2
2
98
2
2
165
12
2
5
2
70
225
300
254
2
2
213
2
31
135
450
2
11
2
161
2
2
2
2
11
2
2
201
5
2
2
417
2
2
2
2
68
272
2
2
2
2
2
137
2
2
183
301
2
2
2
106
236
5
2
70
285
2
220
2
2
297
2
2
2
361
2
2
451
2
30
2
2
254
11
343
5
452
2
2
148
2
97
2
2
453
2
218
2
2
2
2
144
2
454
2
83
2
8
2
2
170
2
2
142
455
455
254
167
2
2
151
99
18
2
2
2
5
18
2
5
2
2
5
2
2
62
100
11
2
456
2
2
2
102
342
5
2
2
2
2
27
246
2
302
2
2
457
18
357
264
2
11
2
2
2
52
2
2
2
2
150
213
5
5
2
314
2
2
2
2
208
299
458
2
2
2
2
2
2
80
459
38
2
2
2
281
90
195
448
2
2
308
2
376
24
173
386
31
2
2
2
2
235
411
2
427
5
2
2
425
2
2
30
136
2
460
25
2
5
2
237
432
2
2
2
11
208
2
2
2
2
2
461
2
2
2
225
264
240
2
2
2
5
2
259
193
302
2
176
2
2
419
2
2
137
139
73
2
61
2
2
2
2
2
225
316
2
2
2
5
2
2
2
2
82
2
2
2
2
22
2
2
169
229
2
462
176
308
2
2
144
307
5
199
2
217
2
2
2
2
5
55
2
10
12
244
2
2
2
463
2
2
83
83
2
2
2
2
2
2
21
2
464
5
2
58
2
2
2
465
2
466
106
52
2
2
2
2
2
2
2
2
2
2
2
217
57
115
2
57
5
2
2
2
13
272
2
2
5
16
2
2
2
2
2
2
2
350
2
2
2
376
5
137
467
11
118
305
5
2
2
2
2
2
2
2
299
62
2
2
2
2
2
2
300
2
2
2
2
2
5
2
2
263
468
2
122
2
2
316
305
2
2
254
2
20
2
382
2
223
469
2
2
2
2
345
2
2
2
2
167
2
2
31
139
2
277
2
2
2
2
229
5
5
170
290
2
2
54
2
2
2
5
2
139
2
2
104
2
2
2
2
46
2
470
2
2
2
5
471
114
2
2
281
16
2
16
5
2
201
2
2
263
20
2
237
2
2
2
2
2
2
2
2
2
5
2
2
57
2
54
48
2
2
122
11
102
144
2
2
2
2
2
2
2
2
305
93
2
2
124
2
2
2
2
52
2
2
2
133
2
183
212
93
5
2
2
29
2
446
225
231
2
469
414
93
2
2
2
2
2
225
5
328
52
94
5
2
338
18
2
472
2
5
406
2
159
473
2
2
2
281
2
5
170
2
2
11
2
459
5
128
474
429
2
2
2
2
5
2
475
2
254
40
39
2
5
2
300
2
2
2
78
84
2
257
16
2
2
2
225
5
2
346
2
253
2
2
374
2
340
77
2
415
2
2
2
440
67
2
2
2
2
2
2
170
77
2
2
2
2
357
2
2
2
197
2
2
324
2
356
172
2
2
2
2
2
476
2
2
16
0
477
258
297
258
2
240
2
18
55
135
2
5
44
379
2
2
2
2
246
2
2
5
2
193
5
5
2
478
2
2
97
208
2
2
2
61
2
99
199
77
2
385
2
25
467
305
176
176
2
2
2
21
144
479
2
2
319
2
2
61
5
2
2
2
2
480
103
11
5
2
2
87
5
5
481
5
101
2
5
5
176
331
2
2
2
444
5
2
2
2
40
2
5
5
2
2
92
2
2
368
2
2
2
40
2
2
235
5
2
2
2
77
2
94
225
2
157
21
2
2
2
2
2
18
2
245
2
2
2
482
2
2
159
246
2
5
2
2
372
18
2
2
2
470
2
31
2
2
339
5
2
2
94
229
2
347
20
2
2
2
2
40
407
2
2
2
2
2
2
18
5
2
62
159
2
311
2
2
2
483
2
85
2
176
2
78
127
5
2
2
2
2
176
384
132
2
484
2
2
180
2
2
406
23
2
338
2
254
2
2
2
2
2
459
2
18
5
2
2
2
485
2
2
324
2
2
349
2
2
5
5
2
2
173
135
2
279
2
5
5
2
144
2
2
2
132
217
2
2
2
5
13
99
2
2
2
2
5
225
170
170
18
486
2
2
2
177
470
487
2
2
2
488
2
99
2
2
242
5
5
2
354
318
2
2
2
2
2
2
217
2
144
2
489
2
2
48
2
52
225
5
2
251
2
11
2
2
2
5
2
2
5
2
5
2
2
2
13
2
458
264
2
2
97
2
144
182
5
2
236
2
2
2
2
2
170
77
2
311
20
2
214
2
2
2
2
2
29
2
5
5
2
281
208
11
2
2
20
5
113
2
2
490
216
2
2
11
5
184
419
2
2
2
2
2
2
2
2
2
129
2
5
2
5
2
2
2
2
221
98
2
5
2
2
144
259
2
2
77
2
211
170
68
2
2
2
2
161
5
5
5
259
122
327
5
2
31
2
2
2
5
2
5
2
135
2
2
225
2
2
2
2
469
372
144
2
204
2
2
2
2
299
2
2
185
491
2
2
99
5
2
304
5
2
2
203
285
2
2
52
2
61
2
2
272
2
2
2
2
2
2
2
243
35
492
385
239
2
2
2
319
146
2
2
2
222
2
5
2
2
2
2
2
2
2
82
2
380
493
2
23
2
5
77
226
5
2
2
2
494
2
2
341
36
2
394
11
434
11
12
197
2
2
495
100
58
2
110
2
496
2
2
12
2
5
2
2
14
497
352
498
111
2
43
385
2
5
2
2
61
2
16
2
2
449
2
48
36
400
147
2
2
2
247
99
58
2
499
2
2
2
2
2
2
2
5
2
2
462
2
2
2
2
318
2
106
98
2
2
287
2
2
73
58
2
2
2
449
470
31
407
2
176
18
2
61
2
361
62
500
2
5
2
2
5
2
5
16
2
2
2
43
144
2
491
2
2
2
2
27
2
242
2
2
2
2
325
2
5
2
2
2
200
2
2
225
5
29
36
501
502
502
368
38
2
2
51
5
2
305
2
503
5
11
18
50
2
167
2
2
2
2
2
2
96
2
2
2
361
2
96
246
2
2
2
2
404
504
2
2
2
2
2
404
2
5
2
2
2
5
0
2
2
2
293
2
318
505
107
2
2
2
144
421
2
439
2
2
2
2
2
2
2
316
264
145
2
2
2
39
71
2
2
223
449
2
264
2
18
337
18
2
5
2
2
2
2
2
0
434
40
2
2
13
446
2
2
2
506
2
2
2
5
507
2
2
6
5
10
2
2
2
61
2
2
508
293
2
2
2
2
2
2
48
139
5
2
5
509
2
472
192
11
2
153
5
2
2
2
2
2
38
236
2
2
2
2
2
2
2
2
2
2
136
287
96
2
130
145
5
2
2
129
2
5
235
2
2
2
2
2
2
169
2
445
2
2
2
217
225
2
510
2
5
8
2
2
2
376
2
2
297
264
2
2
2
2
2
511
2
139
2
5
2
315
124
124
2
512
84
23
5
2
469
11
2
2
51
293
2
49
2
136
225
2
47
43
2
5
325
5
5
2
2
337
2
2
2
75
2
167
2
2
18
18
2
2
2
2
65
2
2
2
2
2
2
2
5
2
2
304
513
2
319
5
176
2
5
137
2
2
2
146
225
2
5
2
191
2
2
2
96
167
0
2
2
5
199
174
2
176
2
90
2
2
2
2
2
225
104
11
2
2
2
2
2
170
2
301
2
2
127
2
2
2
2
2
2
2
337
70
119
157
2
5
2
2
2
173
2
372
70
2
2
2
170
2
2
2
136
350
449
2
43
126
2
2
2
134
2
2
5
129
512
181
2
20
31
2
2
2
2
2
443
364
5
112
2
165
18
40
38
2
5
2
38
2
2
2
2
2
5
5
2
5
248
242
417
208
247
5
514
5
222
287
16
2
2
147
5
5
330
2
433
417
5
164
2
264
2
2
102
5
2
12
202
2
202
144
40
357
361
199
5
31
2
2
515
211
5
2
2
199
5
516
2
2
2
2
2
82
166
100
55
62
80
2
273
2
5
2
2
297
2
2
2
2
2
2
364
196
2
284
5
2
2
2
244
153
2
140
2
2
2
2
449
2
2
118
2
2
2
2
0
2
2
5
2
415
2
2
2
2
52
517
2
29
170
2
2
2
2
2
288
167
2
5
329
188
176
139
2
2
11
2
225
2
217
397
2
2
2
2
2
5
100
74
2
2
2
2
2
5
108
205
24
58
2
2
170
2
5
144
2
2
5
2
481
2
2
2
208
2
2
316
5
225
225
2
31
29
192
2
250
304
2
149
139
2
2
2
42
42
518
264
2
2
77
2
100
253
2
2
2
133
2
201
40
2
2
2
2
18
2
2
2
353
2
2
2
2
304
2
2
36
300
2
2
99
2
449
2
2
70
5
445
2
2
2
344
11
2
2
2
2
5
2
2
2
2
199
318
2
2
2
459
61
20
193
2
2
5
2
5
99
83
2
319
2
29
2
2
2
2
2
2
2
2
2
170
2
2
0
225
2
114
2
23
2
519
5
2
206
2
173
225
297
2
2
193
254
254
520
144
2
2
5
379
2
2
217
188
11
2
2
2
2
2
2
2
2
2
292
248
411
508
2
2
43
2
2
199
5
79
102
2
2
222
448
40
509
2
2
5
2
2
2
2
2
399
74
2
521
2
2
2
5
2
2
2
2
40
5
486
2
2
236
2
2
5
522
2
2
104
2
2
5
2
2
5
5
2
2
2
99
2
2
99
16
2
104
5
38
2
2
78
31
2
40
199
2
2
2
2
2
2
2
338
276
5
2
2
2
8
116
5
2
2
2
2
0
2
11
523
2
173
2
2
432
5
5
2
2
2
5
197
2
11
5
2
40
2
2
5
135
5
2
2
2
2
2
2
2
83
2
2
2
18
2
2
2
470
2
2
61
18
179
364
57
2
2
2
2
139
2
2
2
2
524
5
70
2
167
120
156
5
211
2
2
2
93
248
268
2
65
2
99
2
99
23
525
27
2
88
2
2
87
2
80
526
225
2
2
5
351
2
2
449
2
387
2
188
2
2
16
2
2
2
222
2
443
201
2
127
2
2
308
244
11
527
5
2
2
2
5
337
332
264
527
2
2
2
2
187
2
2
2
2
475
2
2
5
166
2
5
528
5
2
2
5
2
107
130
170
12
2
40
2
2
5
5
169
2
279
176
2
149
2
2
2
176
62
272
2
83
2
2
529
2
101
46
58
498
5
2
2
2
2
2
2
296
530
2
2
531
99
2
40
2
77
45
2
2
5
2
21
2
2
2
305
2
2
2
101
2
2
18
2
206
2
2
2
2
39
2
2
21
2
246
277
2
144
5
2
2
334
5
170
13
99
2
2
5
2
70
18
17
2
5
2
2
122
532
533
2
435
57
57
2
518
129
2
58
2
2
2
2
40
140
2
2
2
18
2
11
528
193
2
2
2
2
527
2
2
5
5
78
2
5
534
2
2
2
2
2
2
2
5
2
2
2
176
5
2
2
2
2
2
2
2
2
174
51
132
2
2
2
2
2
2
5
2
2
2
16
5
2
107
2
2
2
2
2
2
2
2
191
2
5
2
2
179
2
0
5
5
2
2
5
2
0
17
2
2
2
347
2
246
2
2
213
2
2
58
58
111
2
104
2
2
2
2
2
2
2
2
67
2
98
327
42
131
39
217
2
2
144
196
5
2
5
2
2
2
2
535
2
2
2
2
2
31
57
58
129
11
2
58
57
57
57
2
57
217
2
2
2
2
2
2
2
2
2
2
5
2
2
161
21
2
334
2
139
2
11
2
2
2
454
2
61
99
57
2
2
40
18
31
5
2
536
38
2
2
537
2
437
2
77
528
2
2
2
5
2
2
5
2
2
2
48
5
241
2
538
2
152
118
2
2
2
2
2
2
2
2
5
139
2
2
2
11
2
319
2
2
539
152
2
236
2
2
2
2
2
5
68
259
299
101
2
197
5
2
2
2
77
2
31
2
2
540
11
2
274
2
2
2
2
21
5
2
2
541
2
2
2
2
2
0
2
5
2
2
2
2
225
2
56
2
2
2
319
2
2
2
2
165
176
208
2
5
144
2
226
2
104
5
2
6
2
96
16
2
2
5
5
226
2
2
2
330
2
2
427
49
2
2
2
535
2
242
264
264
18
299
2
2
68
487
2
5
2
47
217
21
5
144
429
2
2
2
2
2
515
2
2
2
2
2
102
57
5
2
2
486
2
130
2
107
2
344
2
38
512
494
345
2
2
2
2
104
2
2
2
2
2
2
2
176
5
2
13
2
2
5
2
5
2
2
151
57
18
128
2
70
2
5
2
2
144
20
2
2
2
5
5
2
5
110
130
100
110
319
57
542
2
179
5
110
58
424
213
539
18
135
5
241
5
314
295
241
2
2
2
2
20
2
2
2
2
2
139
2
361
2
2
2
2
2
2
112
537
2
2
2
261
2
2
167
72
2
2
5
188
170
2
5
113
2
2
5
2
2
344
2
2
16
2
13
2
206
68
13
2
2
112
2
2
2
2
11
151
449
2
2
2
139
2
176
2
5
2
2
2
2
2
2
133
2
2
118
2
2
2
31
2
2
2
77
5
2
2
299
2
5
2
2
2
5
367
2
2
5
2
57
11
58
5
5
5
2
252
5
2
2
201
2
11
2
2
5
395
2
2
2
101
2
2
2
222
2
2
99
2
5
176
20
99
99
2
29
100
543
252
107
2
2
2
2
2
438
48
2
2
260
463
5
47
47
5
2
544
5
57
201
17
380
2
2
2
2
2
373
38
344
51
2
2
2
2
2
104
2
2
2
255
5
2
473
416
2
417
2
2
2
225
2
18
2
11
201
2
252
22
2
2
2
2
2
197
5
20
2
2
2
2
201
2
2
481
2
2
2
2
459
165
2
63
77
2
230
2
2
2
0
2
5
2
2
2
2
2
2
2
5
2
2
237
2
170
2
2
2
2
2
2
2
2
2
2
2
2
5
2
2
176
2
2
153
5
2
139
392
2
2
2
2
2
2
2
5
2
5
364
2
2
5
2
5
238
2
2
2
173
2
2
2
100
45
2
2
2
2
2
5
2
2
2
16
2
2
2
2
2
2
545
2
2
2
2
18
225
5
2
36
5
2
2
203
59
292
2
5
2
2
10
5
2
2
2
2
2
284
130
2
2
546
2
2
2
2
547
2
5
2
36
251
448
548
21
130
130
58
2
3
2
2
546
2
0
2
2
2
2
110
2
13
93
2
16
4
2
477
5
19
2
2
173
196
5
2
135
179
2
2
5
5
58
2
2
2
58
2
12
174
2
549
2
2
2
5
93
58
110
5
2
225
21
5
105
70
70
5
550
2
118
55
2
5
201
173
144
551
514
2
199
2
5
2
2
57
2
543
2
552
2
63
213
2
2
2
56
2
329
2
2
11
2
5
179
173
2
2
448
38
2
553
0
2
13
2
2
62
2
357
144
104
2
38
2
2
2
130
2
2
5
2
130
2
179
2
57
2
2
12
179
2
179
554
2
2
532
2
2
52
160
2
2
5
2
2
2
224
2
2
245
453
338
2
338
2
57
110
57
179
2
5
340
2
2
51
467
77
2
2
536
5
2
407
2
2
58
2
5
2
58
236
2
2
2
110
58
52
2
5
38
2
12
58
2
298
2
2
470
2
2
201
2
2
144
2
2
2
476
201
2
2
2
101
2
2
555
2
2
45
101
454
2
442
2
18
2
349
5
2
2
98
2
2
48
5
247
2
556
557
2
5
2
277
185
2
234
282
185
5
2
5
121
558
2
2
2
2
2
2
2
2
56
559
197
2
2
2
2
2
2
455
2
16
2
2
2
2
2
2
2
145
18
2
2
2
18
2
2
560
560
2
2
2
502
561
235
562
2
2
5
563
2
217
2
109
2
239
5
338
2
2
70
2
324
2
2
5
259
2
329
73
397
99
2
2
5
2
2
302
2
2
31
436
61
5
2
2
144
179
564
241
2
2
2
2
2
5
5
2
167
2
2
264
5
173
246
18
2
2
2
168
2
345
170
2
434
2
2
49
2
2
11
2
57
2
2
104
2
2
2
57
2
5
5
62
2
2
17
2
565
2
2
2
2
2
24
2
2
277
5
2
11
31
285
80
2
2
2
2
2
2
77
2
2
5
2
2
2
2
130
54
488
2
61
2
307
2
2
2
2
2
2
2
2
566
2
2
11
2
2
567
2
2
2
18
2
2
2
5
5
2
2
2
176
2
2
2
2
2
2
391
112
2
2
96
2
2
2
2
334
5
51
139
24
11
449
2
199
5
253
2
61
106
432
244
2
568
2
11
20
264
540
2
5
68
2
31
2
2
83
23
2
2
2
2
2
2
11
44
500
2
103
2
2
5
2
2
11
57
58
449
65
87
57
544
536
2
426
2
170
2
2
2
2
2
138
58
2
2
139
2
2
2
144
548
57
2
58
5
58
111
57
57
2
2
2
2
5
100
2
10
84
239
2
2
38
2
2
319
44
314
2
2
2
225
2
2
57
58
2
5
2
58
110
57
2
179
2
2
299
2
20
2
11
70
2
5
2
5
71
308
353
2
2
5
2
100
2
2
2
409
272
2
2
569
2
58
2
2
2
2
5
5
173
2
5
222
2
5
170
371
205
570
2
2
35
2
167
31
571
74
2
2
52
548
2
2
392
493
400
20
99
2
115
75
197
58
2
344
117
2
474
470
11
2
2
156
77
2
485
58
57
2
2
5
2
5
2
5
2
2
2
2
463
5
5
147
40
57
2
2
57
2
2
2
2
2
2
11
170
2
143
5
30
285
2
2
2
2
2
515
2
350
42
42
42
42
2
31
2
58
2
57
18
2
2
57
2
498
58
5
2
57
572
70
2
573
90
5
58
2
5
2
57
57
331
2
2
563
2
39
2
5
2
2
2
11
18
5
2
2
2
144
2
98
2
2
2
2
2
5
2
2
2
99
2
2
2
424
170
2
2
2
2
2
2
144
2
2
2
2
43
2
5
2
2
348
477
2
151
2
2
2
2
132
2
2
2
2
2
2
2
2
2
2
2
5
2
70
2
27
54
2
2
2
2
2
5
5
2
77
40
2
161
2
2
11
2
348
2
176
13
279
2
2
2
2
2
2
48
2
2
419
2
5
20
165
2
2
2
574
468
248
2
243
364
2
402
2
115
199
268
163
225
2
319
55
2
36
536
9
2
288
135
5
468
5
2
452
84
5
25
575
2
174
2
20
2
176
328
45
5
2
116
2
57
2
2
576
167
21
322
137
2
2
2
176
2
2
2
502
11
25
2
2
2
2
2
2
2
2
2
2
2
2
2
2
2
12
83
2
11
509
5
197
58
2
2
2
2
2
2
2
11
2
232
2
2
166
2
2
2
83
179
2
5
5
5
5
2
2
102
37
197
2
577
2
2
2
2
2
0
2
2
2
2
21
309
2
2
2
5
17
147
99
2
578
57
5
11
57
217
499
2
129
305
179
2
93
2
2
2
327
2
2
254
248
35
2
2
95
95
2
2
2
18
2
2
5
38
2
5
2
2
267
2
2
2
2
70
2
2
2
2
494
123
123
2
0
254
5
2
192
280
2
5
5
117
5
5
268
70
2
2
2
2
2
237
20
2
176
2
385
2
2
2
2
5
2
2
213
2
2
2
2
2
347
2
2
5
5
536
2
277
62
18
2
2
2
2
20
247
57
5
100
58
58
2
197
2
2
2
2
2
115
2
173
2
2
2
48
579
219
236
2
58
2
2
68
2
2
2
2
2
5
2
2
2
2
2
5
2
2
580
144
5
2
2
127
2
68
2
192
236
5
5
2
2
5
5
5
100
281
281
581
2
2
582
5
462
197
2
2
2
135
149
36
384
287
2
2
2
339
2
16
11
2
2
2
2
2
536
467
2
5
2
5
2
27
58
2
104
5
2
5
167
167
217
100
2
407
2
2
2
2
2
2
5
474
254
57
581
2
55
162
528
192
192
583
50
2
2
201
2
2
31
2
2
2
2
84
2
329
2
239
2
2
2
2
52
2
2
527
2
423
211
2
199
127
2
5
2
2
2
2
2
2
455
48
2
293
36
2
371
5
2
2
176
448
5
2
104
2
208
2
58
2
546
5
32
2
42
336
470
2
5
2
199
185
481
527
2
42
42
42
120
5
5
2
144
11
59
100
2
95
2
11
11
117
2
2
144
57
5
58
302
2
5
5
2
448
2
2
311
222
2
2
267
2
2
2
2
2
2
48
2
467
139
2
584
31
2
99
135
2
98
5
342
2
2
16
2
2
185
166
585
586
2
167
2
421
2
2
2
2
56
2
199
311
176
5
5
5
2
587
2
2
5
2
2
162
2
2
24
2
2
5
2
2
52
99
40
5
2
2
2
2
2
2
2
527
267
2
494
99
2
5
99
2
61
2
2
2
588
2
589
2
70
2
589
21
527
2
103
2
57
2
5
31
197
5
130
2
2
2
2
100
453
2
2
2
51
5
212
38
2
103
312
2
2
5
2
2
2
52
5
2
2
150
2
590
199
236
539
489
5
2
5
2
2
2
5
2
282
18
2
5
118
495
5
2
2
2
2
364
2
2
239
2
2
2
2
459
2
2
2
2
2
2
479
167
212
171
58
57
448
2
57
455
11
5
5
2
54
2
2
130
61
2
2
5
2
2
2
5
70
2
2
2
2
59
57
5
538
411
57
2
2
2
68
2
5
100
491
64
362
254
74
411
62
5
25
199
278
5
2
500
481
591
2
2
2
2
2
2
2
2
5
2
2
77
56
5
2
5
88
2
13
2
106
2
530
2
2
2
2
2
2
127
2
5
104
208
229
2
13
2
344
11
368
21
40
5
11
2
5
2
2
2
2
361
57
2
2
2
2
5
2
5
2
364
592
258
2
2
149
2
2
5
2
2
2
99
548
2
2
162
2
2
2
2
376
307
343
20
343
38
235
2
94
2
73
176
2
5
176
2
2
2
2
23
173
2
2
5
2
99
5
2
2
18
68
169
2
5
99
2
5
2
92
2
31
344
99
2
5
214
60
365
2
2
593
2
2
201
2
2
2
21
2
2
176
2
2
31
18
167
56
2
2
2
2
290
2
5
2
2
2
2
316
31
13
2
2
2
376
2
2
2
594
5
77
211
2
5
2
13
2
2
2
5
357
100
5
2
2
5
2
238
118
20
595
104
2
2
596
2
539
2
5
2
5
2
2
2
2
40
2
2
2
2
209
368
2
2
2
2
162
21
236
2
2
138
2
2
11
2
2
40
2
199
208
470
2
522
409
166
2
2
2
2
2
2
2
2
2
5
492
2
11
2
2
51
2
2
2
5
2
597
2
598
2
2
2
5
2
2
2
5
2
2
2
2
242
2
2
2
2
217
40
323
289
51
107
73
2
176
2
2
199
171
147
401
2
61
2
2
493
2
2
18
5
2
2
2
2
2
357
2
2
2
2
2
2
57
20
2
2
2
2
2
5
2
5
2
45
584
2
2
68
2
2
2
2
2
2
2
2
2
364
11
61
2
2
2
2
2
2
2
587
5
2
327
2
2
2
2
547
144
5
40
2
91
2
2
281
61
157
2
2
2
2
2
2
2
2
359
2
442
2
2
2
2
82
2
2
2
5
599
2
2
2
2
18
170
36
600
73
2
2
11
2
2
2
347
73
5
2
2
139
2
338
2
264
40
530
176
176
2
2
235
5
2
2
2
523
11
2
2
2
529
519
2
2
2
2
2
2
5
2
43
18
18
132
5
2
2
5
2
2
144
2
18
2
251
18
51
5
2
5
2
2
2
2
2
96
2
264
2
2
2
2
2
2
481
5
2
5
2
2
2
2
2
5
2
481
2
2
2
2
2
411
555
2
521
5
138
13
5
2
2
2
2
135
2
2
2
397
2
17
2
407
2
2
51
2
2
2
2
173
100
145
454
2
2
2
18
2
139
83
301
2
18
2
199
2
168
2
2
2
84
2
2
2
99
221
319
319
312
99
41
2
17
2
141
2
222
2
2
5
470
2
48
63
2
5
324
144
2
5
5
2
2
2
188
82
99
99
2
312
2
2
0
99
304
2
217
2
394
5
279
2
2
448
448
2
2
2
2
2
348
31
2
106
245
2
2
2
99
23
2
2
2
2
2
5
2
513
2
5
474
162
601
2
2
601
2
2
2
2
246
2
2
2
305
51
509
304
2
2
2
2
361
2
176
2
5
191
2
2
5
2
2
2
2
2
2
2
2
77
5
77
506
52
2
2
2
2
2
2
167
144
2
2
29
57
2
234
2
264
112
2
264
2
287
109
2
2
511
257
2
198
455
2
2
2
2
2
2
2
2
141
2
5
2
2
2
11
39
2
2
2
5
2
2
2
368
88
2
279
2
2
2
217
2
5
2
18
368
92
48
2
2
31
2
136
2
2
5
2
2
490
96
40
52
235
317
11
2
233
2
384
2
242
2
2
229
146
373
361
2
2
2
174
6
2
259
2
2
2
2
481
147
2
2
2
2
144
5
5
2
2
2
2
2
2
2
2
2
55
2
2
2
299
462
60
538
155
18
2
2
2
2
5
47
2
2
2
2
83
138
566
2
21
305
2
2
253
5
2
2
100
2
5
5
2
2
20
57
2
113
2
2
2
2
2
76
51
217
5
2
199
2
61
2
2
5
2
2
2
2
2
2
2
2
2
2
2
361
151
2
90
2
2
2
27
100
5
2
2
2
322
2
21
2
135
54
139
39
98
2
2
2
2
5
5
2
2
357
2
5
104
96
2
338
2
2
2
2
83
2
138
2
92
559
2
2
167
2
2
2
5
138
2
2
2
2
2
2
5
2
2
2
602
102
357
2
107
2
82
176
511
2
2
170
2
2
5
337
2
331
2
2
2
2
603
2
2
5
2
2
595
2
518
130
57
5
2
58
470
103
12
2
57
110
100
2
2
2
5
5
2
2
2
2
136
2
345
2
2
2
40
2
2
48
2
2
5
18
2
2
234
83
139
337
2
367
2
308
5
2
2
2
5
57
83
83
2
5
307
58
2
5
604
73
2
246
2
2
300
5
2
109
604
2
2
5
2
2
176
5
95
205
203
24
2
605
2
2
2
2
12
12
2
2
2
2
2
179
46
2
2
2
38
2
59
2
246
2
388
200
225
2
531
2
43
180
510
2
2
2
2
362
5
138
2
2
2
2
2
5
2
225
264
264
2
5
2
2
5
5
2
2
5
2
327
246
2
416
199
2
313
2
2
152
2
2
2
5
2
2
2
2
207
173
222
246
2
199
2
45
2
283
5
338
266
264
2
5
39
2
173
2
65
2
99
2
20
2
2
2
2
2
2
2
257
2
2
2
468
40
2
2
2
86
2
2
2
2
2
2
2
118
2
452
2
2
2
2
360
5
2
70
2
2
2
2
2
149
217
2
236
2
2
176
297
2
73
272
304
272
2
2
2
2
606
2
235
27
2
116
2
2
2
2
2
2
2
2
217
492
2
2
2
43
2
102
2
2
2
77
173
44
2
18
2
246
2
2
2
2
107
403
139
2
190
132
2
2
433
201
5
2
2
2
11
2
2
2
2
173
264
339
416
167
450
78
2
40
2
2
347
447
2
44
2
354
18
364
2
2
5
2
2
2
5
2
2
11
2
2
2
2
2
5
2
1
316
5
361
2
2
2
591
179
2
2
2
2
118
2
2
2
2
295
264
203
2
2
2
5
5
458
135
375
607
451
226
294
382
70
2
2
2
2
62
18
144
2
159
2
173
2
2
2
2
265
77
2
5
11
44
2
207
2
206
165
2
2
2
2
2
36
2
2
5
57
297
2
57
2
11
5
2
603
84
5
179
18
338
2
590
2
2
90
2
18
375
406
61
2
2
2
2
2
2
2
5
5
292
52
2
2
2
176
2
5
11
58
22
2
2
16
2
2
2
2
5
67
68
305
144
83
2
2
2
2
372
2
2
2
170
2
2
65
2
230
6
2
152
351
139
2
11
2
57
12
129
58
2
12
12
57
2
12
179
2
217
2
12
217
2
2
57
57
2
2
204
57
5
2
2
207
5
2
2
5
2
2
2
2
2
20
2
2
398
2
2
2
555
2
2
2
5
2
5
364
516
77
2
2
40
97
217
2
2
2
347
18
2
258
2
2
2
2
5
2
2
5
2
2
208
2
250
2
2
2
2
2
2
5
2
2
2
2
2
126
2
30
78
5
157
2
2
36
353
77
2
207
325
2
2
2
2
2
259
2
2
5
166
2
436
2
2
2
2
2
2
2
2
176
2
144
2
2
102
5
2
2
170
2
2
5
2
151
2
170
2
221
170
2
2
2
2
170
2
2
2
2
2
54
217
2
99
2
2
170
2
2
2
57
2
2
11
2
2
2
2
2
2
77
2
2
2
185
2
2
2
574
229
2
361
144
151
5
176
5
2
608
246
2
2
2
5
2
2
5
2
104
2
241
2
2
2
452
2
51
2
2
201
144
158
2
2
2
5
2
485
151
2
5
2
416
2
2
2
100
242
113
2
2
2
2
2
2
2
2
118
2
2
2
5
145
2
2
2
289
2
406
2
2
2
2
2
2
2
2
2
2
208
18
2
5
70
2
199
2
2
2
2
18
18
55
2
462
2
2
51
2
47
167
73
579
2
2
2
2
5
2
2
2
83
2
2
2
5
161
2
2
2
200
2
553
2
11
541
609
2
2
5
2
139
5
291
2
2
65
2
135
2
2
5
246
297
2
2
385
2
2
2
2
2
73
2
2
2
172
5
140
424
2
347
5
365
2
225
2
2
5
2
2
2
2
2
2
2
569
2
346
11
135
135
2
2
2
56
52
267
5
5
2
2
2
70
2
2
5
2
2
2
2
2
5
2
2
2
2
2
2
39
601
2
2
601
48
2
2
18
144
358
20
2
225
2
2
2
319
135
77
2
409
2
2
610
2
590
247
2
2
203
2
477
262
317
242
2
196
196
389
2
2
78
2
2
338
609
2
2
100
2
5
5
2
18
2
2
2
2
97
2
611
153
2
2
2
110
118
2
36
387
138
82
551
234
2
5
612
392
2
2
223
161
305
2
0
250
520
2
13
2
2
2
18
2
2
2
2
2
2
18
2
5
2
2
170
2
185
2
2
2
2
5
2
2
2
4
2
40
2
5
116
57
118
170
2
5
77
2
2
2
2
389
2
2
2
276
2
217
433
20
11
11
12
2
543
2
2
2
106
5
2
5
2
264
2
2
264
2
449
502
2
280
400
5
48
254
2
2
613
613
431
206
2
2
373
2
2
11
71
2
12
144
2
2
91
167
5
2
258
83
5
12
614
2
118
230
544
2
2
11
2
58
11
518
5
544
57
2
58
58
110
2
2
91
57
14
5
130
5
554
129
57
2
59
2
2
2
2
2
2
5
2
147
77
2
5
77
2
2
2
2
2
135
2
2
2
396
100
5
2
73
2
2
5
176
2
330
9
298
2
16
31
179
142
5
2
2
2
2
77
80
2
139
2
2
199
2
2
2
5
2
2
2
225
2
376
5
166
2
5
2
2
2
331
2
255
5
84
2
469
2
2
2
2
2
235
40
346
2
85
5
2
2
279
2
267
2
2
43
5
549
354
77
5
21
2
2
104
220
2
368
2
71
2
5
70
30
5
2
375
2
2
18
106
535
2
2
2
2
75
2
389
2
2
5
2
154
2
2
2
2
2
2
541
2
2
2
2
48
2
2
0
2
0
170
2
2
2
2
436
225
2
2
394
2
40
171
171
13
2
2
2
5
2
471
2
2
23
157
99
197
51
2
5
2
2
11
246
2
64
110
2
57
2
176
2
130
179
160
2
225
2
2
2
2
2
2
2
57
543
301
5
413
2
44
55
5
2
2
2
2
2
2
2
2
2
2
5
320
197
2
2
36
5
2
2
2
264
2
2
408
408
40
2
367
2
2
144
2
5
70
2
161
5
2
159
2
399
16
265
2
221
31
58
12
21
2
2
2
126
2
2
2
128
2
290
2
2
13
2
580
2
13
2
2
2
2
2
2
2
2
2
18
347
2
2
2
2
2
2
188
272
176
2
2
280
192
52
2
2
2
2
2
50
2
5
5
168
2
5
213
11
2
2
70
2
455
2
234
2
170
184
185
376
2
2
2
481
176
2
615
5
2
99
2
2
99
2
2
2
83
54
201
2
2
2
5
2
2
2
5
5
2
2
2
41
225
225
310
57
5
2
57
2
5
57
2
2
36
544
100
172
149
58
388
65
2
2
2
2
2
2
61
2
2
5
5
2
2
2
2
2
2
2
2
184
24
2
2
2
173
2
2
2
2
225
5
2
7
139
5
2
130
100
112
2
2
11
2
2
116
176
478
5
2
2
31
616
2
2
2
92
2
2
5
206
109
129
2
2
57
58
186
2
83
5
2
546
24
617
435
75
5
2
2
2
57
2
2
2
434
281
2
2
2
160
179
58
130
572
2
2
2
116
11
2
49
12
56
130
2
2
5
57
434
58
2
169
500
62
618
543
619
5
2
5
2
390
11
138
258
515
45
2
2
31
2
208
5
2
2
565
203
2
2
2
73
240
36
217
2
2
2
2
2
2
2
556
2
28
2
535
468
84
2
2
5
2
2
5
412
70
2
18
5
2
407
255
2
254
225
2
401
2
2
2
2
5
379
323
264
5
2
2
2
153
2
2
501
2
2
448
2
595
29
2
2
204
2
2
2
364
2
2
2
2
259
2
2
316
316
2
2
2
11
242
2
2
2
2
194
170
5
2
5
2
2
48
2
2
139
2
2
2
2
2
2
2
239
18
18
2
329
2
397
2
2
2
620
2
2
2
2
2
2
373
104
2
2
18
501
2
5
2
2
144
20
2
96
166
2
31
84
2
2
2
408
135
18
2
39
364
364
2
5
2
2
2
87
2
2
2
2
540
122
112
21
136
2
2
44
5
159
2
348
2
2
144
2
162
89
2
8
5
175
0
112
2
2
2
2
2
2
41
234
5
338
2
139
2
302
129
2
449
135
2
2
52
2
357
57
57
100
279
57
58
2
5
58
2
57
532
2
156
2
70
100
462
96
283
20
20
5
2
2
5
2
621
480
127
11
185
2
397
17
5
5
179
11
2
505
110
2
213
2
2
2
151
229
2
2
364
2
264
18
203
2
5
2
622
2
2
77
2
2
2
18
2
2
2
2
113
2
162
2
2
58
2
2
357
2
2
2
2
588
2
2
2
5
2
2
77
172
58
2
18
304
179
173
18
48
100
199
2
2
62
138
262
76
5
2
2
21
239
2
2
12
468
5
52
21
2
2
2
173
281
2
2
265
2
102
351
5
2
449
2
43
225
180
461
2
0
229
2
2
2
337
2
581
16
5
77
2
2
2
2
2
140
2
2
2
2
2
2
44
2
2
2
2
167
2
2
147
2
2
2
2
194
2
2
2
2
2
2
2
2
340
119
130
235
2
151
2
217
2
57
2
144
604
2
303
2
2
144
2
407
2
2
2
2
2
2
135
2
187
435
5
2
236
5
302
2
2
2
2
2
2
579
2
58
2
2
2
2
57
2
2
147
387
581
116
2
481
2
18
2
623
179
2
2
217
2
57
60
61
63
13
554
11
57
5
2
11
57
234
57
60
572
2
2
58
581
58
2
11
201
2
2
495
217
2
281
213
58
582
285
2
58
111
204
5
58
2
58
262
2
497
179
2
57
2
2
122
5
2
98
595
564
2
2
2
2
502
5
2
478
18
2
2
2
2
2
47
2
2
2
2
624
2
2
2
2
5
625
2
2
470
212
82
115
2
295
2
2
219
58
2
2
2
179
2
2
2
2
2
127
2
2
5
2
2
170
176
14
2
2
2
2
618
5
2
204
100
51
2
2
2
10
2
5
18
84
151
132
2
2
2
12
5
2
173
82
6
2
263
12
2
250
5
2
5
406
84
2
5
2
0
37
77
2
2
46
592
57
601
2
2
5
20
0
18
2
199
2
2
2
2
2
2
57
2
226
161
2
314
5
13
2
2
2
2
2
2
2
594
247
464
2
2
2
2
2
2
5
2
12
18
2
100
554
2
5
2
2
5
112
2
2
90
398
58
57
2
2
135
626
45
2
2
2
2
240
2
452
90
2
2
2
5
2
5
2
2
58
2
554
208
5
236
5
58
110
5
2
270
268
627
248
59
485
628
2
5
5
5
5
2
2
2
2
2
48
2
2
2
2
2
2
2
2
2
267
2
2
2
2
18
2
2
2
2
515
2
195
2
5
231
73
2
2
217
205
206
2
2
246
302
18
40
225
5
354
2
2
5
225
51
5
2
119
178
176
325
2
104
77
2
2
5
5
2
2
43
2
2
2
5
2
2
304
2
2
77
39
5
2
385
303
2
629
5
234
448
2
2
206
185
2
5
2
5
83
31
2
96
2
44
254
389
254
5
2
2
98
529
2
68
2
340
2
2
5
2
2
2
5
173
2
2
2
52
2
2
2
2
2
445
59
5
580
2
2
173
36
2
2
445
5
5
225
2
39
2
225
5
5
2
348
20
2
5
10
254
264
7
2
2
5
2
2
2
2
2
2
2
2
5
2
2
2
116
2
389
5
5
2
31
2
242
2
2
2
397
2
5
2
2
2
11
2
83
5
18
2
2
2
95
5
18
36
2
5
2
548
2
2
246
325
2
2
503
2
2
264
338
226
5
630
2
73
631
631
5
5
5
2
2
2
2
94
2
310
24
2
2
2
2
491
2
2
57
259
2
43
11
118
5
5
199
49
102
236
2
2
2
2
2
2
2
2
2
2
604
76
2
5
5
2
2
199
314
2
2
173
2
121
5
2
2
2
449
2
2
2
70
2
44
2
2
313
2
2
2
2
2
2
2
2
2
264
2
2
5
2
5
2
2
2
13
5
2
77
18
5
2
5
165
144
5
2
2
2
2
548
112
632
59
2
199
2
2
216
2
2
2
2
360
5
2
5
2
2
338
5
449
2
2
449
2
103
103
2
5
2
6
2
2
166
2
2
144
255
62
504
2
191
2
2
2
2
2
2
2
5
11
2
2
2
59
40
2
92
5
271
62
2
82
449
2
2
361
2
2
413
2
504
361
628
2
2
5
2
5
2
176
2
2
213
30
5
2
2
2
428
2
2
2
2
2
18
465
2
2
5
2
2
2
2
2
208
425
2
5
5
173
2
515
2
2
2
2
2
253
54
2
2
5
94
0
248
2
99
43
633
2
2
2
2
201
2
2
2
2
2
5
2
217
2
316
61
2
2
2
2
344
94
2
2
306
73
5
2
2
5
2
5
120
458
4
2
295
5
176
2
470
11
115
2
2
61
65
2
173
5
477
2
2
135
2
2
2
11
188
75
2
2
5
18
2
2
2
2
2
277
2
170
2
2
144
2
513
5
2
5
2
2
5
5
2
136
2
2
2
0
2
237
164
82
2
2
2
40
299
2
2
18
5
2
2
2
2
31
337
244
338
2
36
43
178
5
185
2
2
16
2
171
2
2
2
174
2
36
173
260
2
2
2
2
5
2
2
314
2
2
2
2
76
2
106
338
2
272
2
179
173
5
2
2
2
470
5
39
2
353
2
2
2
136
2
2
2
2
2
61
336
2
2
47
2
2
104
228
2
370
139
2
144
150
2
5
5
2
2
504
363
2
5
225
2
2
42
2
84
2
338
2
230
219
2
2
2
6
5
5
100
2
5
77
5
2
5
2
48
2
2
2
2
2
99
2
633
2
2
18
18
35
2
449
43
2
2
2
2
65
2
262
2
5
161
2
2
5
176
208
2
2
584
2
2
2
2
248
2
308
142
2
2
0
18
104
5
155
73
148
2
193
2
132
208
2
98
99
328
2
2
2
319
2
18
2
2
2
5
2
139
2
5
2
2
107
5
5
136
2
2
2
368
2
2
18
2
11
2
343
2
2
73
225
2
2
2
2
2
2
2
2
2
2
84
2
100
2
2
2
2
305
36
100
448
449
16
11
2
2
2
2
2
2
45
5
246
2
2
473
176
57
2
192
24
203
239
2
2
411
2
448
84
2
5
2
2
2
5
2
2
2
2
501
2
5
200
2
166
2
407
2
179
2
2
630
2
2
2
2
2
2
435
152
634
48
2
2
2
5
13
613
23
2
574
2
11
2
467
5
236
2
2
5
5
5
13
5
2
2
2
170
2
2
5
2
2
2
480
2
68
40
2
244
2
2
2
2
2
11
2
2
5
2
306
83
2
2
2
2
5
2
2
2
246
5
2
2
5
290
226
2
2
2
2
290
2
2
421
2
2
225
77
98
319
2
2
2
218
2
448
2
319
74
2
2
2
2
48
248
24
21
2
2
57
2
2
2
70
2
171
171
344
44
2
5
516
604
18
2
5
20
2
2
13
5
2
566
481
2
218
18
2
2
2
2
68
2
2
2
2
301
0
73
71
63
364
635
2
2
2
225
2
521
234
5
24
2
344
2
16
2
112
2
2
2
173
256
2
2
2
2
2
601
2
2
31
2
2
5
2
2
2
21
31
5
2
2
173
225
2
409
5
2
2
2
2
2
225
40
2
176
203
2
2
503
2
2
2
2
6
2
2
395
176
11
2
2
77
2
636
90
2
2
2
5
104
2
2
18
11
5
2
18
193
2
61
2
2
2
5
2
2
247
2
2
2
4
2
637
2
46
5
2
253
558
2
184
2
225
5
5
5
13
27
75
24
574
468
19
2
57
2
197
5
366
298
530
2
2
86
5
2
109
548
203
203
255
604
2
30
185
2
638
5
98
550
498
57
2
5
374
2
2
2
2
351
84
2
2
2
2
2
2
2
2
2
5
2
2
2
2
2
133
2
2
2
258
2
5
225
2
5
320
24
2
109
2
18
29
30
209
5
2
2
449
2
2
2
17
239
2
2
2
2
2
135
2
11
2
2
21
48
5
2
2
5
144
16
48
470
2
2
2
2
2
31
159
2
18
2
2
2
2
284
5
284
284
5
205
2
313
2
2
2
151
42
2
185
21
173
2
2
2
2
144
2
82
36
130
2
176
5
187
63
44
616
2
2
273
2
305
2
2
2
73
2
2
2
2
277
2
2
2
2
2
300
2
2
70
2
2
2
2
5
2
2
470
2
90
2
5
199
5
40
409
2
2
159
2
2
347
2
2
2
2
5
2
2
2
2
11
2
192
5
242
11
5
2
2
2
2
2
2
2
2
2
2
11
104
2
2
2
161
2
164
135
5
2
316
225
40
18
75
5
2
5
503
2
2
2
142
330
188
225
2
2
2
5
84
30
407
2
5
2
104
5
5
475
2
2
2
2
2
61
11
2
102
2
2
2
310
2
40
199
2
2
11
2
281
2
2
2
176
2
2
2
2
556
52
2
259
637
11
2
116
2
2
48
2
104
2
13
2
2
2
611
5
2
5
36
5
40
441
2
427
515
2
2
2
2
18
11
2
2
5
2
2
2
2
2
2
2
2
2
2
21
2
2
2
135
2
141
5
82
2
167
2
2
2
135
2
2
2
2
2
2
99
2
2
2
510
272
2
2
2
2
2
2
2
5
352
626
2
517
510
2
2
2
2
2
2
2
106
136
2
2
2
2
2
5
73
157
2
2
173
2
2
2
6
530
2
11
225
2
600
2
2
5
100
2
429
2
2
2
225
2
5
2
2
2
2
2
2
61
248
2
2
151
51
57
443
2
2
151
2
2
31
91
18
2
2
318
11
2
2
5
2
259
2
2
2
51
2
2
2
2
2
2
77
2
2
2
383
13
2
2
176
442
2
2
2
604
2
11
2
2
23
2
361
2
2
2
2
2
2
2
2
2
290
2
37
2
6
502
2
5
2
2
2
2
2
2
197
48
2
2
2
36
2
2
2
286
2
2
234
344
2
5
2
5
419
96
5
375
2
2
5
2
5
31
2
2
2
639
21
2
217
2
2
5
2
2
2
2
132
2
121
384
2
449
2
5
55
61
2
18
2
2
2
2
5
5
245
2
2
127
173
2
77
2
2
2
614
2
2
199
199
11
2
2
2
325
2
2
223
2
338
2
116
218
5
176
2
11
2
144
2
330
2
2
2
166
2
2
265
104
2
250
5
5
2
640
2
641
82
2
2
2
62
2
449
2
207
2
2
208
2
135
61
2
2
292
2
61
2
2
2
5
587
2
2
302
5
2
510
61
97
2
2
2
477
2
316
2
2
344
539
176
2
2
11
57
2
642
2
2
225
426
2
2
297
2
2
2
2
2
2
154
411
173
2
5
2
55
2
5
2
2
2
449
147
5
520
2
586
272
5
2
150
2
2
2
643
2
5
161
2
2
348
2
2
2
125
575
2
18
13
2
2
197
2
2
2
2
201
2
11
2
364
2
2
2
2
2
2
2
2
2
5
2
2
5
2
2
2
5
5
5
2
230
2
2
5
2
2
2
43
43
2
2
2
115
2
2
2
2
5
2
2
2
118
2
2
2
188
2
5
297
2
5
5
2
5
2
2
2
417
2
644
2
2
436
179
2
2
62
2
277
12
2
2
18
2
2
11
2
182
2
5
188
228
5
2
57
2
2
109
2
48
42
5
2
61
2
105
2
2
367
376
496
217
237
2
2
267
58
2
365
5
207
2
110
2
110
57
58
2
2
623
130
2
110
57
2
5
5
2
57
2
2
55
2
57
179
57
5
57
94
2
5
176
2
2
2
97
2
298
77
2
2
2
417
351
5
0
55
101
2
2
2
470
420
5
2
2
407
2
2
2
2
2
2
77
2
5
2
2
2
284
2
2
283
2
2
2
5
135
48
135
2
176
57
2
609
2
2
5
645
293
293
2
5
483
502
118
5
2
2
2
2
2
2
2
2
250
2
211
232
255
5
2
404
2
2
2
246
18
349
269
2
2
61
192
252
56
179
2
207
5
5
2
2
2
2
55
2
2
2
2
2
2
2
114
208
2
231
18
2
381
2
22
77
198
12
5
2
597
368
238
2
106
42
2
218
2
2
2
185
2
2
2
503
2
2
2
2
2
2
638
322
2
2
2
124
147
2
0
161
43
30
2
2
57
2
58
57
58
179
2
2
40
417
206
90
58
2
5
11
2
546
11
116
57
367
42
2
2
646
68
2
2
2
2
306
2
2
2
379
2
2
2
90
2
219
384
2
4
188
2
2
5
5
182
0
58
2
2
31
2
524
2
2
2
167
84
5
43
2
330
2
2
2
170
2
18
2
2
18
39
242
2
2
173
165
2
2
2
2
5
77
5
2
5
2
277
2
2
56
100
2
2
225
2
2
2
2
2
135
2
2
2
2
237
416
5
2
5
261
2
13
519
233
2
45
116
5
2
201
250
2
461
2
2
2
35
2
77
620
2
2
207
188
2
2
2
2
2
557
347
13
2
2
179
11
66
48
616
461
2
2
557
2
197
2
2
248
2
2
2
2
2
2
188
2
192
2
2
2
98
149
62
2
229
2
2
170
2
2
2
364
5
17
2
5
13
299
379
5
2
2
2
2
407
115
2
2
512
13
2
2
2
299
5
2
5
50
104
225
225
2
312
206
5
2
5
2
2
5
2
2
2
2
2
2
2
357
5
2
35
162
176
188
2
170
2
361
2
2
11
2
2
239
2
2
2
2
5
2
198
466
2
2
347
18
2
514
2
2
2
102
236
236
2
188
95
442
2
2
2
2
2
2
5
2
2
2
155
2
99
2
2
2
66
2
2
454
2
470
2
350
2
2
2
2
2
2
166
2
2
2
2
2
5
2
2
10
2
2
5
2
354
2
356
2
2
2
0
2
2
2
2
2
73
2
2
2
173
2
2
2
2
2
2
2
2
5
2
5
235
185
2
165
165
16
466
2
2
70
355
18
18
132
5
169
2
599
2
5
2
449
452
2
52
31
98
2
647
5
2
18
2
167
2
2
2
5
2
58
11
2
110
179
5
2
2
2
2
2
44
43
2
2
176
2
118
254
500
2
480
2
2
449
244
2
377
377
5
167
236
144
2
136
5
2
12
2
2
2
2
2
96
173
45
2
2
98
217
82
2
2
2
2
73
2
77
339
399
2
139
377
234
2
2
244
648
2
185
2
2
2
5
2
11
2
2
2
2
18
332
242
167
293
144
2
2
5
2
248
2
2
2
2
2
5
649
150
62
2
2
2
2
417
2
2
2
163
102
2
2
5
2
411
5
2
2
5
2
135
24
2
2
2
2
2
2
2
234
490
2
2
31
2
2
151
2
2
2
2
5
2
2
2
75
2
199
2
2
2
144
2
11
61
259
649
2
2
170
99
554
520
2
2
13
154
2
2
2
2
2
2
330
631
2
2
16
29
2
2
2
2
255
2
2
110
2
39
2
2
160
100
2
2
5
20
2
542
2
2
462
5
531
2
5
422
12
10
129
58
58
110
546
58
57
160
2
5
130
65
57
57
58
49
5
5
2
2
130
83
2
5
319
39
364
2
2
2
31
2
384
593
2
2
2
170
2
2
2
83
2
2
5
199
2
291
2
18
2
144
18
2
61
2
277
2
62
2
199
2
552
2
2
2
308
2
5
176
52
2
625
2
201
2
2
272
61
295
650
247
247
247
2
173
2
2
2
2
0
2
483
2
5
2
18
2
593
54
244
2
2
166
5
33
251
2
2
2
2
2
5
2
2
20
2
2
5
2
502
62
61
2
2
406
2
265
2
2
2
651
2
144
2
65
2
2
5
2
158
2
177
2
2
2
118
281
2
340
2
217
264
2
11
2
2
2
201
2
5
2
2
2
2
2
2
70
20
5
169
153
20
2
254
254
2
118
24
5
2
367
2
108
207
2
103
75
284
203
90
652
2
170
170
2
308
2
73
18
640
5
2
2
2
84
653
2
5
2
2
2
352
162
173
562
2
176
193
5
2
147
60
2
2
5
2
527
2
18
473
2
11
2
647
2
5
2
2
2
2
2
5
2
527
2
467
259
2
2
2
2
2
2
2
54
77
2
100
2
2
2
2
2
2
2
2
2
2
61
2
2
100
64
45
2
2
2
5
2
2
2
5
2
2
2
5
2
2
2
373
2
2
2
5
18
0
654
18
225
2
2
2
2
2
141
2
2
2
73
31
61
11
2
5
478
5
225
5
417
2
2
556
2
2
2
2
496
5
2
2
2
144
470
2
5
5
2
5
2
255
2
73
2
2
2
5
2
2
254
2
2
2
2
396
5
57
100
2
2
2
99
5
462
70
5
525
2
5
2
139
2
0
489
64
2
2
5
2
2
2
5
216
20
2
16
2
2
2
20
2
198
2
652
2
18
2
2
62
144
5
12
5
491
5
139
2
2
2
338
5
2
5
218
2
2
83
2
54
335
2
2
2
2
130
112
475
30
2
5
57
2
2
651
231
2
47
2
381
476
2
2
2
2
2
62
2
2
253
2
2
2
258
2
2
36
2
5
2
353
305
236
5
84
2
2
2
2
2
2
5
123
20
320
392
405
259
84
36
2
2
2
2
2
207
40
2
2
5
2
2
2
2
2
376
2
51
211
2
2
2
2
2
2
52
2
99
2
118
2
2
2
283
2
2
2
176
176
597
2
264
2
2
147
147
5
2
2
2
18
201
2
2
2
2
5
144
48
2
2
2
2
2
2
2
2
246
2
2
129
24
2
2
649
176
2
5
2
18
617
201
98
56
2
179
2
2
2
5
2
2
2
591
607
230
5
2
2
2
10
16
2
2
2
364
247
2
517
18
2
2
5
2
13
2
2
2
5
5
2
2
18
84
2
2
264
2
2
299
2
527
2
2
2
31
2
2
2
68
2
2
2
5
2
2
2
2
2
5
2
2
9
5
2
2
2
77
219
2
217
2
2
5
2
494
5
491
288
511
2
2
2
357
2
361
2
2
52
145
2
2
5
2
264
2
2
2
29
2
2
2
2
2
2
2
2
2
114
2
358
2
2
191
280
2
2
2
2
5
2
2
161
2
2
2
5
2
2
206
144
2
62
98
98
206
166
139
2
2
477
567
47
74
2
5
2
2
2
2
13
18
2
2
2
2
2
2
5
2
173
5
2
2
2
259
5
2
2
2
2
2
5
2
173
173
360
2
2
2
173
599
5
5
2
5
5
36
350
2
135
2
95
2
392
12
592
2
2
2
5
23
2
2
2
61
2
165
329
217
5
5
2
2
5
2
146
5
517
341
2
2
84
449
2
2
2
11
2
2
2
31
2
236
2
2
242
2
201
5
2
2
413
5
2
5
2
2
5
161
441
130
31
2
24
5
109
2
58
236
52
118
2
29
2
2
498
2
2
130
2
57
5
2
2
655
199
489
2
2
2
11
170
2
166
2
11
554
2
2
2
2
2
5
2
2
2
2
109
149
2
2
2
199
424
2
2
2
641
530
2
2
2
2
263
236
236
2
2
264
2
319
2
319
132
351
57
204
2
319
2
2
2
11
2
2
2
2
144
132
2
57
554
12
622
130
2
57
5
5
99
5
99
400
57
102
2
5
109
5
5
31
31
2
5
2
344
82
2
5
176
75
2
2
2
2
106
2
233
225
225
2
147
147
458
2
2
147
2
2
2
2
197
2
147
2
2
2
2
421
5
2
434
2
2
2
225
338
2
2
277
14
130
544
2
2
2
77
2
2
93
2
223
2
2
71
58
58
2
2
498
97
40
40
2
2
2
554
2
2
5
2
5
2
2
2
2
352
254
52
2
2
118
56
2
58
2
2
2
179
57
2
57
543
58
58
259
57
422
58
5
2
2
11
137
2
5
2
490
2
5
2
5
518
2
0
457
2
2
139
2
2
58
5
58
58
2
57
569
2
2
58
2
58
12
204
18
71
2
2
2
338
75
211
2
241
20
229
2
304
58
2
197
57
12
2
166
2
2
407
2
100
5
2
239
51
601
320
2
2
2
5
74
5
2
5
2
2
229
2
2
84
2
5
217
396
130
110
2
45
71
536
234
2
180
5
5
161
5
2
2
5
225
2
2
2
2
2
2
2
102
2
57
2
2
2
2
11
11
2
58
2
2
2
332
2
2
629
2
2
11
354
5
2
5
2
273
30
2
2
2
58
2
2
2
2
18
5
2
2
2
11
5
2
5
2
2
144
2
2
449
2
330
534
58
58
5
2
236
554
16
2
2
2
5
5
246
77
2
2
2
2
133
2
2
2
2
2
5
2
2
316
2
2
57
5
5
2
2
2
2
2
238
23
2
2
5
135
2
11
2
2
144
2
2
191
2
2
2
5
300
2
2
225
2
5
2
2
2
170
2
2
316
316
69
2
2
45
5
2
320
301
135
2
2
5
171
2
2
2
18
2
2
2
2
2
20
2
2
2
2
381
5
5
2
2
2
104
2
59
170
5
2
147
251
2
11
392
2
115
146
2
323
132
2
57
2
5
2
5
2
2
289
397
2
2
2
2
200
5
2
13
2
2
2
2
2
2
42
2
201
2
2
2
2
382
406
2
5
2
2
5
2
5
2
139
2
18
18
5
2
423
5
82
2
2
44
151
2
2
2
2
2
411
11
2
2
2
2
2
199
2
77
52
40
119
2
2
2
2
5
221
204
57
57
2
554
2
490
2
58
554
292
2
2
2
5
2
2
11
19
449
229
44
0
2
104
5
57
2
2
2
499
2
5
2
5
44
2
5
246
313
394
2
2
305
2
285
2
2
104
84
229
125
2
5
57
130
97
97
2
2
5
2
428
2
384
384
5
2
264
199
2
2
2
2
2
610
2
18
2
5
2
5
2
29
18
2
58
514
17
40
2
283
31
264
225
2
8
51
2
2
65
2
263
2
2
5
2
213
5
2
83
2
2
2
104
2
2
2
2
2
2
522
2
463
13
2
23
2
144
2
2
2
2
2
2
2
157
2
2
2
198
2
2
2
2
2
2
2
2
2
5
2
31
11
2
2
2
139
2
2
104
2
2
2
2
2
102
2
55
18
16
201
2
5
2
2
5
2
74
2
2
2
365
2
2
351
2
2
2
5
2
2
2
2
139
11
2
209
19
2
5
2
2
2
585
2
168
329
199
319
41
306
291
122
546
2
2
57
2
58
130
5
5
5
57
57
2
352
2
57
2
2
2
2
288
2
2
2
2
2
2
5
2
5
2
2
82
2
2
108
2
2
2
364
170
170
2
151
5
41
139
5
5
2
487
2
2
31
2
2
8
46
2
2
2
2
2
2
2
11
2
2
2
2
2
144
2
151
162
2
279
2
25
2
161
333
567
2
2
11
2
2
2
2
592
5
2
21
2
5
268
5
592
12
2
2
57
2
2
2
417
2
2
648
12
5
2
217
18
2
179
2
130
2
2
139
2
83
2
236
54
2
2
2
2
2
96
2
2
2
2
69
2
318
2
2
18
2
135
56
5
100
2
2
320
2
11
2
2
139
2
2
96
5
5
285
2
2
2
524
24
290
58
167
2
176
2
2
351
61
2
2
0
57
237
2
2
2
2
5
5
5
2
2
2
384
58
52
499
2
2
2
336
2
2
496
474
2
78
2
36
2
61
244
5
2
221
264
2
2
199
82
2
13
2
2
5
2
2
2
510
2
359
2
49
2
2
2
5
376
246
2
2
2
2
54
2
5
2
449
2
2
2
2
221
2
2
2
195
2
2
239
402
100
346
2
2
295
2
2
11
197
11
2
2
2
11
2
5
9
344
2
2
244
120
193
179
36
2
2
2
2
274
2
2
5
2
6
199
136
5
2
2
210
447
2
0
288
2
199
0
5
2
387
2
176
282
70
2
2
2
5
2
2
11
2
36
5
569
478
2
479
2
2
2
2
2
2
195
2
489
77
5
2
2
2
2
118
2
5
2
2
2
2
20
203
2
335
144
77
2
337
2
109
2
2
2
5
2
2
137
78
2
42
2
2
5
391
5
5
2
2
2
343
340
2
484
2
2
2
2
2
2
2
2
2
75
2
2
2
2
2
244
18
428
2
196
196
2
173
2
2
2
2
5
2
2
2
208
208
2
2
470
2
30
2
2
2
5
2
2
40
2
5
611
2
2
5
182
523
2
2
2
585
5
487
2
2
2
2
218
43
2
40
2
550
2
2
2
2
295
5
54
246
2
5
2
2
23
2
0
5
2
2
2
351
18
243
2
267
77
170
128
2
139
248
18
2
147
2
586
2
41
2
2
45
378
185
244
77
77
314
2
2
24
2
43
2
48
214
2
77
2
2
2
2
2
2
18
2
5
5
5
116
598
2
306
52
2
2
2
2
2
207
31
2
2
2
2
16
394
2
2
2
2
342
316
2
566
2
2
258
240
2
2
2
225
135
84
16
2
225
2
100
36
161
2
145
536
5
77
486
441
210
73
225
5
5
2
2
2
2
2
2
5
633
2
191
11
305
2
74
2
2
18
2
2
230
2
2
2
2
21
2
2
287
287
2
236
353
2
340
2
2
2
2
2
139
5
58
2
2
176
2
179
56
2
0
2
2
452
2
2
2
201
237
2
2
2
2
2
2
2
2
5
2
2
2
2
2
2
2
2
2
2
2
5
2
2
2
2
355
2
2
2
2
2
2
2
135
242
2
2
236
407
2
2
2
2
2
2
2
173
2
2
139
47
2
2
2
82
5
2
2
170
2
157
2
2
493
2
2
481
2
2
2
2
2
333
5
2
2
5
2
2
2
70
2
257
257
2
2
2
170
57
2
2
5
2
103
18
57
58
546
2
2
39
179
197
2
5
622
11
432
2
2
5
2
2
129
2
2
2
2
2
2
2
70
2
373
5
656
2
2
2
2
2
5
301
245
61
2
5
2
2
2
2
2
83
566
2
197
165
2
242
2
2
217
2
2
2
2
176
176
2
2
2
2
481
2
2
2
5
5
165
13
2
144
2
61
2
217
2
2
2
5
2
2
11
2
5
2
2
2
2
2
2
2
2
2
5
171
5
5
332
2
113
107
11
176
11
2
18
2
2
2
2
2
2
61
2
368
2
242
5
2
2
5
245
235
330
5
2
2
2
2
437
2
2
2
5
2
2
2
176
2
2
5
170
115
514
2
2
444
2
11
86
2
2
454
167
2
2
2
2
2
242
2
2
5
2
2
135
2
259
217
289
90
2
2
2
2
15
2
2
2
2
2
2
2
2
599
2
2
2
2
2
2
15
2
129
2
2
2
2
225
2
2
83
2
70
257
5
616
222
2
2
48
392
50
151
436
2
351
620
244
551
2
442
20
2
2
135
522
5
2
2
5
5
2
327
18
2
2
2
349
2
2
2
5
2
327
2
2
269
2
31
2
217
2
2
20
144
61
2
2
11
452
192
386
39
2
2
170
531
5
2
2
2
2
2
5
5
2
2
170
2
2
5
2
2
2
2
344
444
2
2
347
2
2
2
48
2
2
2
2
2
2
2
2
5
2
2
2
2
2
5
2
2
583
18
2
67
2
2
2
2
70
2
364
2
2
5
355
2
2
2
74
2
100
2
2
569
18
2
2
63
13
2
116
2
392
2
191
2
90
2
2
113
500
2
2
188
584
40
316
2
18
2
99
2
2
5
48
13
2
2
2
2
2
2
2
21
2
5
2
188
2
5
2
165
2
2
2
2
31
2
2
2
2
2
18
347
2
2
167
2
2
61
2
2
2
251
2
2
2
2
2
2
70
2
19
5
2
5
2
2
2
5
2
2
2
2
2
2
2
5
2
499
2
2
2
2
650
2
643
2
2
5
2
2
213
144
2
2
2
2
2
2
5
2
2
2
18
2
2
18
2
5
2
2
2
18
98
269
2
5
38
2
2
456
2
2
2
2
657
460
2
2
2
2
2
344
2
193
5
70
70
2
305
2
2
2
2
2
2
2
166
2
2
2
2
5
2
2
2
2
2
2
2
2
2
5
42
5
2
58
154
58
57
285
2
2
2
658
12
12
2
2
475
43
71
2
2
382
2
11
554
58
12
12
217
495
619
71
12
2
110
57
57
2
179
5
2
2
2
2
144
58
12
5
5
58
2
2
2
2
385
493
70
5
58
11
57
2
2
2
170
2
2
2
2
10
508
31
2
2
58
168
536
546
2
2
110
93
2
320
2
2
62
589
2
2
2
2
2
2
2
91
2
648
5
237
11
170
5
2
160
2
2
18
5
2
53
2
251
2
424
2
2
2
5
197
58
2
57
57
5
234
2
546
57
58
2
57
12
495
58
130
5
11
2
2
2
2
62
5
2
2
515
217
2
2
2
5
5
82
575
166
5
2
201
2
349
5
2
2
2
43
2
2
2
2
57
13
2
2
129
57
2
389
2
2
2
2
246
29
2
2
288
2
264
2
2
10
2
530
456
2
625
2
2
31
2
73
2
23
494
2
2
302
206
2
2
5
2
2
5
2
2
2
36
2
83
5
5
451
2
2
2
99
659
2
84
21
480
2
5
2
2
2
20
5
43
5
425
2
5
23
2
5
2
5
5
212
284
5
2
603
2
2
5
2
2
2
2
2
435
153
31
113
384
77
2
2
504
2
2
2
18
2
2
5
2
2
2
2
2
2
2
2
2
2
2
203
5
601
5
20
2
2
2
2
2
2
2
2
2
165
84
2
660
2
2
2
2
400
421
2
2
2
2
25
341
2
2
2
2
2
2
51
2
2
5
2
535
2
373
2
2
2
43
2
590
2
2
2
2
16
2
121
2
50
2
201
201
2
82
144
68
5
2
2
96
5
0
566
2
2
2
2
2
2
2
5
5
2
16
2
2
99
489
2
2
385
206
467
203
2
2
121
94
2
492
2
2
2
5
2
2
267
2
2
2
536
2
2
176
2
81
44
5
2
2
5
40
2
102
2
31
